Apr 13, 2020 8:07:51 PM org.apache.karaf.main.Main launch
INFO: Installing and starting initial bundles
Apr 13, 2020 8:07:52 PM org.apache.karaf.main.Main launch
INFO: All initial bundles installed and set to start
Apr 13, 2020 8:07:53 PM org.apache.karaf.main.Main$KarafLockCallback lockAcquired
INFO: Lock acquired. Setting startlevel to 100
Apr 14, 2020 1:20:08 PM org.apache.karaf.main.Main launch
INFO: Installing and starting initial bundles
Apr 14, 2020 1:20:10 PM org.apache.karaf.main.Main launch
INFO: All initial bundles installed and set to start
Apr 14, 2020 1:20:10 PM org.apache.karaf.main.Main$KarafLockCallback lockAcquired
INFO: Lock acquired. Setting startlevel to 100
Apr 17, 2020 9:45:41 AM org.apache.karaf.main.Main launch
INFO: Installing and starting initial bundles
Apr 17, 2020 9:45:41 AM org.apache.karaf.main.Main launch
INFO: All initial bundles installed and set to start
Apr 17, 2020 9:45:42 AM org.apache.karaf.main.Main$KarafLockCallback lockAcquired
INFO: Lock acquired. Setting startlevel to 100
Aug 06, 2020 3:17:35 AM org.apache.karaf.main.Main launch
INFO: Installing and starting initial bundles
Aug 06, 2020 3:17:36 AM org.apache.karaf.main.Main launch
INFO: All initial bundles installed and set to start
Aug 06, 2020 3:17:37 AM org.apache.karaf.main.Main$KarafLockCallback lockAcquired
INFO: Lock acquired. Setting startlevel to 100
